# JRE version: OpenJDK Runtime Environment (8.0_202-b03) (build 1.8.0_202-release-1483-b03)
# Java VM: OpenJDK 64-Bit Server VM (25.202-b03 mixed mode windows-amd64 compressed oops)
Heap:
 PSYoungGen      total 342016K, used 218526K [0x00000000e0000000, 0x0000000100000000, 0x0000000100000000)
  eden space 288768K, 75% used [0x00000000e0000000,0x00000000ed5678e0,0x00000000f1a00000)
  from space 53248K, 0% used [0x00000000f1a00000,0x00000000f1a00000,0x00000000f4e00000)
  to   space 52224K, 0% used [0x00000000fcd00000,0x00000000fcd00000,0x0000000100000000)
 ParOldGen       total 194560K, used 41832K [0x00000000a0000000, 0x00000000abe00000, 0x00000000e0000000)
  object space 194560K, 21% used [0x00000000a0000000,0x00000000a28da0b8,0x00000000abe00000)
 Metaspace       used 59534K, capacity 60690K, committed 61016K, reserved 1103872K
  class space    used 6885K, capacity 7144K, committed 7296K, reserved 1048576K
GC Heap History (10 events):
Event: 510.739 GC heap before
{Heap before GC invocations=10 (full 3):
 PSYoungGen      total 201728K, used 201705K [0x00000000e0000000, 0x00000000f0e00000, 0x0000000100000000)
  eden space 190976K, 100% used [0x00000000e0000000,0x00000000eba80000,0x00000000eba80000)
  from space 10752K, 99% used [0x00000000ed780000,0x00000000ee1fa740,0x00000000ee200000)
  to   space 29696K, 0% used [0x00000000eba80000,0x00000000eba80000,0x00000000ed780000)
 ParOldGen       total 126464K, used 36793K [0x00000000a0000000, 0x00000000a7b80000, 0x00000000e0000000)
  object space 126464K, 29% used [0x00000000a0000000,0x00000000a23ee7c0,0x00000000a7b80000)
 Metaspace       used 56982K, capacity 57994K, committed 58368K, reserved 1099776K
  class space    used 6824K, capacity 7062K, committed 7168K, reserved 1048576K
Event: 510.762 GC heap after
Heap after GC invocations=10 (full 3):
 PSYoungGen      total 220672K, used 29690K [0x00000000e0000000, 0x00000000f7400000, 0x0000000100000000)
  eden space 190976K, 0% used [0x00000000e0000000,0x00000000e0000000,0x00000000eba80000)
  from space 29696K, 99% used [0x00000000eba80000,0x00000000ed77e9e8,0x00000000ed780000)
  to   space 38912K, 0% used [0x00000000f4e00000,0x00000000f4e00000,0x00000000f7400000)
 ParOldGen       total 126464K, used 43345K [0x00000000a0000000, 0x00000000a7b80000, 0x00000000e0000000)
  object space 126464K, 34% used [0x00000000a0000000,0x00000000a2a547a8,0x00000000a7b80000)
 Metaspace       used 56982K, capacity 57994K, committed 58368K, reserved 1099776K
  class space    used 6824K, capacity 7062K, committed 7168K, reserved 1048576K
}
Event: 512.253 GC heap before
{Heap before GC invocations=11 (full 3):
 PSYoungGen      total 220672K, used 192961K [0x00000000e0000000, 0x00000000f7400000, 0x0000000100000000)
  eden space 190976K, 85% used [0x00000000e0000000,0x00000000e9f71df8,0x00000000eba80000)
  from space 29696K, 99% used [0x00000000eba80000,0x00000000ed77e9e8,0x00000000ed780000)
  to   space 38912K, 0% used [0x00000000f4e00000,0x00000000f4e00000,0x00000000f7400000)
 ParOldGen       total 126464K, used 43345K [0x00000000a0000000, 0x00000000a7b80000, 0x00000000e0000000)
  object space 126464K, 34% used [0x00000000a0000000,0x00000000a2a547a8,0x00000000a7b80000)
 Metaspace       used 57879K, capacity 58954K, committed 59096K, reserved 1101824K
  class space    used 6870K, capacity 7140K, committed 7168K, reserved 1048576K
Event: 512.304 GC heap after
Heap after GC invocations=11 (full 3):
 PSYoungGen      total 327680K, used 38886K [0x00000000e0000000, 0x00000000f8e00000, 0x0000000100000000)
  eden space 288768K, 0% used [0x00000000e0000000,0x00000000e0000000,0x00000000f1a00000)
  from space 38912K, 99% used [0x00000000f4e00000,0x00000000f73f9bb8,0x00000000f7400000)
  to   space 53248K, 0% used [0x00000000f1a00000,0x00000000f1a00000,0x00000000f4e00000)
 ParOldGen       total 126464K, used 59142K [0x00000000a0000000, 0x00000000a7b80000, 0x00000000e0000000)
  object space 126464K, 46% used [0x00000000a0000000,0x00000000a39c1a80,0x00000000a7b80000)
 Metaspace       used 57879K, capacity 58954K, committed 59096K, reserved 1101824K
  class space    used 6870K, capacity 7140K, committed 7168K, reserved 1048576K
}
Event: 512.304 GC heap before
{Heap before GC invocations=12 (full 4):
 PSYoungGen      total 327680K, used 38886K [0x00000000e0000000, 0x00000000f8e00000, 0x0000000100000000)
  eden space 288768K, 0% used [0x00000000e0000000,0x00000000e0000000,0x00000000f1a00000)
  from space 38912K, 99% used [0x00000000f4e00000,0x00000000f73f9bb8,0x00000000f7400000)
  to   space 53248K, 0% used [0x00000000f1a00000,0x00000000f1a00000,0x00000000f4e00000)
 ParOldGen       total 126464K, used 59142K [0x00000000a0000000, 0x00000000a7b80000, 0x00000000e0000000)
  object space 126464K, 46% used [0x00000000a0000000,0x00000000a39c1a80,0x00000000a7b80000)
 Metaspace       used 57879K, capacity 58954K, committed 59096K, reserved 1101824K
  class space    used 6870K, capacity 7140K, committed 7168K, reserved 1048576K
Event: 512.615 GC heap after
Heap after GC invocations=12 (full 4):
 PSYoungGen      total 327680K, used 0K [0x00000000e0000000, 0x00000000f8e00000, 0x0000000100000000)
  eden space 288768K, 0% used [0x00000000e0000000,0x00000000e0000000,0x00000000f1a00000)
  from space 38912K, 0% used [0x00000000f4e00000,0x00000000f4e00000,0x00000000f7400000)
  to   space 53248K, 0% used [0x00000000f1a00000,0x00000000f1a00000,0x00000000f4e00000)
 ParOldGen       total 194560K, used 55151K [0x00000000a0000000, 0x00000000abe00000, 0x00000000e0000000)
  object space 194560K, 28% used [0x00000000a0000000,0x00000000a35dbfb8,0x00000000abe00000)
 Metaspace       used 57879K, capacity 58954K, committed 59096K, reserved 1101824K
  class space    used 6870K, capacity 7140K, committed 7168K, reserved 1048576K
}
Event: 4112.616 GC heap before
{Heap before GC invocations=13 (full 4):
 PSYoungGen      total 327680K, used 285317K [0x00000000e0000000, 0x00000000f8e00000, 0x0000000100000000)
  eden space 288768K, 98% used [0x00000000e0000000,0x00000000f16a14d8,0x00000000f1a00000)
  from space 38912K, 0% used [0x00000000f4e00000,0x00000000f4e00000,0x00000000f7400000)
  to   space 53248K, 0% used [0x00000000f1a00000,0x00000000f1a00000,0x00000000f4e00000)
 ParOldGen       total 194560K, used 55151K [0x00000000a0000000, 0x00000000abe00000, 0x00000000e0000000)
  object space 194560K, 28% used [0x00000000a0000000,0x00000000a35dbfb8,0x00000000abe00000)
 Metaspace       used 59498K, capacity 60688K, committed 61016K, reserved 1103872K
  class space    used 6947K, capacity 7219K, committed 7296K, reserved 1048576K
Event: 4112.645 GC heap after
Heap after GC invocations=13 (full 4):
 PSYoungGen      total 342016K, used 7238K [0x00000000e0000000, 0x0000000100000000, 0x0000000100000000)
  eden space 288768K, 0% used [0x00000000e0000000,0x00000000e0000000,0x00000000f1a00000)
  from space 53248K, 13% used [0x00000000f1a00000,0x00000000f2111a08,0x00000000f4e00000)
  to   space 52224K, 0% used [0x00000000fcd00000,0x00000000fcd00000,0x0000000100000000)
 ParOldGen       total 194560K, used 55159K [0x00000000a0000000, 0x00000000abe00000, 0x00000000e0000000)
  object space 194560K, 28% used [0x00000000a0000000,0x00000000a35ddfb8,0x00000000abe00000)
 Metaspace       used 59498K, capacity 60688K, committed 61016K, reserved 1103872K
  class space    used 6947K, capacity 7219K, committed 7296K, reserved 1048576K
}
Event: 4112.645 GC heap before
{Heap before GC invocations=14 (full 5):
 PSYoungGen      total 342016K, used 7238K [0x00000000e0000000, 0x0000000100000000, 0x0000000100000000)
  eden space 288768K, 0% used [0x00000000e0000000,0x00000000e0000000,0x00000000f1a00000)
  from space 53248K, 13% used [0x00000000f1a00000,0x00000000f2111a08,0x00000000f4e00000)
  to   space 52224K, 0% used [0x00000000fcd00000,0x00000000fcd00000,0x0000000100000000)
 ParOldGen       total 194560K, used 55159K [0x00000000a0000000, 0x00000000abe00000, 0x00000000e0000000)
  object space 194560K, 28% used [0x00000000a0000000,0x00000000a35ddfb8,0x00000000abe00000)
 Metaspace       used 59498K, capacity 60688K, committed 61016K, reserved 1103872K
  class space    used 6947K, capacity 7219K, committed 7296K, reserved 1048576K
Event: 4112.845 GC heap after
Heap after GC invocations=14 (full 5):
 PSYoungGen      total 342016K, used 0K [0x00000000e0000000, 0x0000000100000000, 0x0000000100000000)
  eden space 288768K, 0% used [0x00000000e0000000,0x00000000e0000000,0x00000000f1a00000)
  from space 53248K, 0% used [0x00000000f1a00000,0x00000000f1a00000,0x00000000f4e00000)
  to   space 52224K, 0% used [0x00000000fcd00000,0x00000000fcd00000,0x0000000100000000)
 ParOldGen       total 194560K, used 41832K [0x00000000a0000000, 0x00000000abe00000, 0x00000000e0000000)
  object space 194560K, 21% used [0x00000000a0000000,0x00000000a28da0b8,0x00000000abe00000)
 Metaspace       used 58536K, capacity 59494K, committed 61016K, reserved 1103872K
  class space    used 6815K, capacity 7028K, committed 7296K, reserved 1048576K
}

